# JRE version: Java(TM) SE Runtime Environment (8.0_202-b08) (build 1.8.0_202-b08)
# Java VM: Java HotSpot(TM) 64-Bit Server VM (25.202-b08 mixed mode windows-amd64 compressed oops)
Heap:
 PSYoungGen      total 240128K, used 84895K [0x00000000d7200000, 0x00000000e7d80000, 0x0000000100000000)
  eden space 223232K, 30% used [0x00000000d7200000,0x00000000db46b630,0x00000000e4c00000)
  from space 16896K, 99% used [0x00000000e5f80000,0x00000000e6ffc600,0x00000000e7000000)
  to   space 19968K, 0% used [0x00000000e4c00000,0x00000000e4c00000,0x00000000e5f80000)
 ParOldGen       total 113664K, used 22017K [0x0000000085600000, 0x000000008c500000, 0x00000000d7200000)
  object space 113664K, 19% used [0x0000000085600000,0x0000000086b805c8,0x000000008c500000)
 Metaspace       used 70181K, capacity 75090K, committed 75352K, reserved 1114112K
  class space    used 9763K, capacity 10554K, committed 10624K, reserved 1048576K
GC Heap History (10 events):
Event: 17.914 GC heap before
{Heap before GC invocations=15 (full 2):
 PSYoungGen      total 162816K, used 35132K [0x00000000d7200000, 0x00000000e2400000, 0x0000000100000000)
  eden space 152064K, 16% used [0x00000000d7200000,0x00000000d89d5658,0x00000000e0680000)
  from space 10752K, 99% used [0x00000000e1500000,0x00000000e1f79c18,0x00000000e1f80000)
  to   space 14848K, 0% used [0x00000000e0680000,0x00000000e0680000,0x00000000e1500000)
 ParOldGen       total 76800K, used 19993K [0x0000000085600000, 0x000000008a100000, 0x00000000d7200000)
  object space 76800K, 26% used [0x0000000085600000,0x0000000086986780,0x000000008a100000)
 Metaspace       used 55968K, capacity 58954K, committed 59096K, reserved 1099776K
  class space    used 7804K, capacity 8330K, committed 8448K, reserved 1048576K
Event: 17.944 GC heap after
Heap after GC invocations=15 (full 2):
 PSYoungGen      total 166912K, used 2150K [0x00000000d7200000, 0x00000000e4e00000, 0x0000000100000000)
  eden space 152064K, 0% used [0x00000000d7200000,0x00000000d7200000,0x00000000e0680000)
  from space 14848K, 14% used [0x00000000e0680000,0x00000000e0899b28,0x00000000e1500000)
  to   space 15360K, 0% used [0x00000000e3f00000,0x00000000e3f00000,0x00000000e4e00000)
 ParOldGen       total 76800K, used 29212K [0x0000000085600000, 0x000000008a100000, 0x00000000d7200000)
  object space 76800K, 38% used [0x0000000085600000,0x0000000087287318,0x000000008a100000)
 Metaspace       used 55968K, capacity 58954K, committed 59096K, reserved 1099776K
  class space    used 7804K, capacity 8330K, committed 8448K, reserved 1048576K
}
Event: 17.944 GC heap before
{Heap before GC invocations=16 (full 3):
 PSYoungGen      total 166912K, used 2150K [0x00000000d7200000, 0x00000000e4e00000, 0x0000000100000000)
  eden space 152064K, 0% used [0x00000000d7200000,0x00000000d7200000,0x00000000e0680000)
  from space 14848K, 14% used [0x00000000e0680000,0x00000000e0899b28,0x00000000e1500000)
  to   space 15360K, 0% used [0x00000000e3f00000,0x00000000e3f00000,0x00000000e4e00000)
 ParOldGen       total 76800K, used 29212K [0x0000000085600000, 0x000000008a100000, 0x00000000d7200000)
  object space 76800K, 38% used [0x0000000085600000,0x0000000087287318,0x000000008a100000)
 Metaspace       used 55968K, capacity 58954K, committed 59096K, reserved 1099776K
  class space    used 7804K, capacity 8330K, committed 8448K, reserved 1048576K
Event: 18.180 GC heap after
Heap after GC invocations=16 (full 3):
 PSYoungGen      total 166912K, used 0K [0x00000000d7200000, 0x00000000e4e00000, 0x0000000100000000)
  eden space 152064K, 0% used [0x00000000d7200000,0x00000000d7200000,0x00000000e0680000)
  from space 14848K, 0% used [0x00000000e0680000,0x00000000e0680000,0x00000000e1500000)
  to   space 15360K, 0% used [0x00000000e3f00000,0x00000000e3f00000,0x00000000e4e00000)
 ParOldGen       total 113664K, used 20915K [0x0000000085600000, 0x000000008c500000, 0x00000000d7200000)
  object space 113664K, 18% used [0x0000000085600000,0x0000000086a6cee0,0x000000008c500000)
 Metaspace       used 55968K, capacity 58954K, committed 59096K, reserved 1099776K
  class space    used 7804K, capacity 8330K, committed 8448K, reserved 1048576K
}
Event: 21.151 GC heap before
{Heap before GC invocations=17 (full 3):
 PSYoungGen      total 166912K, used 152064K [0x00000000d7200000, 0x00000000e4e00000, 0x0000000100000000)
  eden space 152064K, 100% used [0x00000000d7200000,0x00000000e0680000,0x00000000e0680000)
  from space 14848K, 0% used [0x00000000e0680000,0x00000000e0680000,0x00000000e1500000)
  to   space 15360K, 0% used [0x00000000e3f00000,0x00000000e3f00000,0x00000000e4e00000)
 ParOldGen       total 113664K, used 20915K [0x0000000085600000, 0x000000008c500000, 0x00000000d7200000)
  object space 113664K, 18% used [0x0000000085600000,0x0000000086a6cee0,0x000000008c500000)
 Metaspace       used 62481K, capacity 66180K, committed 66520K, reserved 1105920K
  class space    used 8713K, capacity 9349K, committed 9472K, reserved 1048576K
Event: 21.168 GC heap after
Heap after GC invocations=17 (full 3):
 PSYoungGen      total 197120K, used 9920K [0x00000000d7200000, 0x00000000e4900000, 0x0000000100000000)
  eden space 186880K, 0% used [0x00000000d7200000,0x00000000d7200000,0x00000000e2880000)
  from space 10240K, 96% used [0x00000000e3f00000,0x00000000e48b0280,0x00000000e4900000)
  to   space 15360K, 0% used [0x00000000e2b00000,0x00000000e2b00000,0x00000000e3a00000)
 ParOldGen       total 113664K, used 20923K [0x0000000085600000, 0x000000008c500000, 0x00000000d7200000)
  object space 113664K, 18% used [0x0000000085600000,0x0000000086a6eee0,0x000000008c500000)
 Metaspace       used 62481K, capacity 66180K, committed 66520K, reserved 1105920K
  class space    used 8713K, capacity 9349K, committed 9472K, reserved 1048576K
}
Event: 27.072 GC heap before
{Heap before GC invocations=18 (full 3):
 PSYoungGen      total 197120K, used 196800K [0x00000000d7200000, 0x00000000e4900000, 0x0000000100000000)
  eden space 186880K, 100% used [0x00000000d7200000,0x00000000e2880000,0x00000000e2880000)
  from space 10240K, 96% used [0x00000000e3f00000,0x00000000e48b0280,0x00000000e4900000)
  to   space 15360K, 0% used [0x00000000e2b00000,0x00000000e2b00000,0x00000000e3a00000)
 ParOldGen       total 113664K, used 20923K [0x0000000085600000, 0x000000008c500000, 0x00000000d7200000)
  object space 113664K, 18% used [0x0000000085600000,0x0000000086a6eee0,0x000000008c500000)
 Metaspace       used 67749K, capacity 72420K, committed 72536K, reserved 1112064K
  class space    used 9486K, capacity 10265K, committed 10368K, reserved 1048576K
Event: 27.116 GC heap after
Heap after GC invocations=18 (full 3):
 PSYoungGen      total 204800K, used 12698K [0x00000000d7200000, 0x00000000e7000000, 0x0000000100000000)
  eden space 189440K, 0% used [0x00000000d7200000,0x00000000d7200000,0x00000000e2b00000)
  from space 15360K, 82% used [0x00000000e2b00000,0x00000000e3766950,0x00000000e3a00000)
  to   space 16896K, 0% used [0x00000000e5f80000,0x00000000e5f80000,0x00000000e7000000)
 ParOldGen       total 113664K, used 20931K [0x0000000085600000, 0x000000008c500000, 0x00000000d7200000)
  object space 113664K, 18% used [0x0000000085600000,0x0000000086a70ee0,0x000000008c500000)
 Metaspace       used 67749K, capacity 72420K, committed 72536K, reserved 1112064K
  class space    used 9486K, capacity 10265K, committed 10368K, reserved 1048576K
}
Event: 31.449 GC heap before
{Heap before GC invocations=19 (full 3):
 PSYoungGen      total 204800K, used 202138K [0x00000000d7200000, 0x00000000e7000000, 0x0000000100000000)
  eden space 189440K, 100% used [0x00000000d7200000,0x00000000e2b00000,0x00000000e2b00000)
  from space 15360K, 82% used [0x00000000e2b00000,0x00000000e3766950,0x00000000e3a00000)
  to   space 16896K, 0% used [0x00000000e5f80000,0x00000000e5f80000,0x00000000e7000000)
 ParOldGen       total 113664K, used 20931K [0x0000000085600000, 0x000000008c500000, 0x00000000d7200000)
  object space 113664K, 18% used [0x0000000085600000,0x0000000086a70ee0,0x000000008c500000)
 Metaspace       used 70085K, capacity 74876K, committed 75096K, reserved 1114112K
  class space    used 9763K, capacity 10553K, committed 10624K, reserved 1048576K
Event: 31.541 GC heap after
Heap after GC invocations=19 (full 3):
 PSYoungGen      total 240128K, used 16881K [0x00000000d7200000, 0x00000000e7d80000, 0x0000000100000000)
  eden space 223232K, 0% used [0x00000000d7200000,0x00000000d7200000,0x00000000e4c00000)
  from space 16896K, 99% used [0x00000000e5f80000,0x00000000e6ffc600,0x00000000e7000000)
  to   space 19968K, 0% used [0x00000000e4c00000,0x00000000e4c00000,0x00000000e5f80000)
 ParOldGen       total 113664K, used 22017K [0x0000000085600000, 0x000000008c500000, 0x00000000d7200000)
  object space 113664K, 19% used [0x0000000085600000,0x0000000086b805c8,0x000000008c500000)
 Metaspace       used 70085K, capacity 74876K, committed 75096K, reserved 1114112K
  class space    used 9763K, capacity 10553K, committed 10624K, reserved 1048576K
}

