# JRE version: Java(TM) SE Runtime Environment (8.0_202-b08) (build 1.8.0_202-b08)
# Java VM: Java HotSpot(TM) 64-Bit Server VM (25.202-b08 mixed mode windows-amd64 compressed oops)
Heap:
 PSYoungGen      total 211968K, used 187524K [0x00000000d7200000, 0x00000000e7100000, 0x0000000100000000)
  eden space 196608K, 88% used [0x00000000d7200000,0x00000000e1cc48d8,0x00000000e3200000)
  from space 15360K, 82% used [0x00000000e3200000,0x00000000e3e5c908,0x00000000e4100000)
  to   space 16384K, 0% used [0x00000000e6100000,0x00000000e6100000,0x00000000e7100000)
 ParOldGen       total 111616K, used 21469K [0x0000000085600000, 0x000000008c300000, 0x00000000d7200000)
  object space 111616K, 19% used [0x0000000085600000,0x0000000086af7618,0x000000008c300000)
 Metaspace       used 70048K, capacity 74902K, committed 75096K, reserved 1114112K
  class space    used 9758K, capacity 10548K, committed 10624K, reserved 1048576K
GC Heap History (10 events):
Event: 16.614 GC heap before
{Heap before GC invocations=14 (full 2):
 PSYoungGen      total 129536K, used 127959K [0x00000000d7200000, 0x00000000e1f00000, 0x0000000100000000)
  eden space 119808K, 100% used [0x00000000d7200000,0x00000000de700000,0x00000000de700000)
  from space 9728K, 83% used [0x00000000de700000,0x00000000deef5e00,0x00000000df080000)
  to   space 10240K, 0% used [0x00000000e1500000,0x00000000e1500000,0x00000000e1f00000)
 ParOldGen       total 76288K, used 11700K [0x0000000085600000, 0x000000008a080000, 0x00000000d7200000)
  object space 76288K, 15% used [0x0000000085600000,0x000000008616d100,0x000000008a080000)
 Metaspace       used 53569K, capacity 56552K, committed 56704K, reserved 1097728K
  class space    used 7481K, capacity 8013K, committed 8064K, reserved 1048576K
Event: 16.635 GC heap after
Heap after GC invocations=14 (full 2):
 PSYoungGen      total 162304K, used 10231K [0x00000000d7200000, 0x00000000e2480000, 0x0000000100000000)
  eden space 152064K, 0% used [0x00000000d7200000,0x00000000d7200000,0x00000000e0680000)
  from space 10240K, 99% used [0x00000000e1500000,0x00000000e1efdf70,0x00000000e1f00000)
  to   space 14848K, 0% used [0x00000000e0680000,0x00000000e0680000,0x00000000e1500000)
 ParOldGen       total 76288K, used 20370K [0x0000000085600000, 0x000000008a080000, 0x00000000d7200000)
  object space 76288K, 26% used [0x0000000085600000,0x00000000869e4b68,0x000000008a080000)
 Metaspace       used 53569K, capacity 56552K, committed 56704K, reserved 1097728K
  class space    used 7481K, capacity 8013K, committed 8064K, reserved 1048576K
}
Event: 17.310 GC heap before
{Heap before GC invocations=15 (full 2):
 PSYoungGen      total 162304K, used 40137K [0x00000000d7200000, 0x00000000e2480000, 0x0000000100000000)
  eden space 152064K, 19% used [0x00000000d7200000,0x00000000d8f347c8,0x00000000e0680000)
  from space 10240K, 99% used [0x00000000e1500000,0x00000000e1efdf70,0x00000000e1f00000)
  to   space 14848K, 0% used [0x00000000e0680000,0x00000000e0680000,0x00000000e1500000)
 ParOldGen       total 76288K, used 20370K [0x0000000085600000, 0x000000008a080000, 0x00000000d7200000)
  object space 76288K, 26% used [0x0000000085600000,0x00000000869e4b68,0x000000008a080000)
 Metaspace       used 55971K, capacity 58940K, committed 59096K, reserved 1099776K
  class space    used 7799K, capacity 8327K, committed 8448K, reserved 1048576K
Event: 17.333 GC heap after
Heap after GC invocations=15 (full 2):
 PSYoungGen      total 166912K, used 2869K [0x00000000d7200000, 0x00000000e5480000, 0x0000000100000000)
  eden space 152064K, 0% used [0x00000000d7200000,0x00000000d7200000,0x00000000e0680000)
  from space 14848K, 19% used [0x00000000e0680000,0x00000000e094d4c0,0x00000000e1500000)
  to   space 14848K, 0% used [0x00000000e4600000,0x00000000e4600000,0x00000000e5480000)
 ParOldGen       total 76288K, used 26441K [0x0000000085600000, 0x000000008a080000, 0x00000000d7200000)
  object space 76288K, 34% used [0x0000000085600000,0x0000000086fd26b0,0x000000008a080000)
 Metaspace       used 55971K, capacity 58940K, committed 59096K, reserved 1099776K
  class space    used 7799K, capacity 8327K, committed 8448K, reserved 1048576K
}
Event: 17.333 GC heap before
{Heap before GC invocations=16 (full 3):
 PSYoungGen      total 166912K, used 2869K [0x00000000d7200000, 0x00000000e5480000, 0x0000000100000000)
  eden space 152064K, 0% used [0x00000000d7200000,0x00000000d7200000,0x00000000e0680000)
  from space 14848K, 19% used [0x00000000e0680000,0x00000000e094d4c0,0x00000000e1500000)
  to   space 14848K, 0% used [0x00000000e4600000,0x00000000e4600000,0x00000000e5480000)
 ParOldGen       total 76288K, used 26441K [0x0000000085600000, 0x000000008a080000, 0x00000000d7200000)
  object space 76288K, 34% used [0x0000000085600000,0x0000000086fd26b0,0x000000008a080000)
 Metaspace       used 55971K, capacity 58940K, committed 59096K, reserved 1099776K
  class space    used 7799K, capacity 8327K, committed 8448K, reserved 1048576K
Event: 17.613 GC heap after
Heap after GC invocations=16 (full 3):
 PSYoungGen      total 166912K, used 0K [0x00000000d7200000, 0x00000000e5480000, 0x0000000100000000)
  eden space 152064K, 0% used [0x00000000d7200000,0x00000000d7200000,0x00000000e0680000)
  from space 14848K, 0% used [0x00000000e0680000,0x00000000e0680000,0x00000000e1500000)
  to   space 14848K, 0% used [0x00000000e4600000,0x00000000e4600000,0x00000000e5480000)
 ParOldGen       total 111616K, used 21453K [0x0000000085600000, 0x000000008c300000, 0x00000000d7200000)
  object space 111616K, 19% used [0x0000000085600000,0x0000000086af3618,0x000000008c300000)
 Metaspace       used 55971K, capacity 58940K, committed 59096K, reserved 1099776K
  class space    used 7799K, capacity 8327K, committed 8448K, reserved 1048576K
}
Event: 21.065 GC heap before
{Heap before GC invocations=17 (full 3):
 PSYoungGen      total 166912K, used 152064K [0x00000000d7200000, 0x00000000e5480000, 0x0000000100000000)
  eden space 152064K, 100% used [0x00000000d7200000,0x00000000e0680000,0x00000000e0680000)
  from space 14848K, 0% used [0x00000000e0680000,0x00000000e0680000,0x00000000e1500000)
  to   space 14848K, 0% used [0x00000000e4600000,0x00000000e4600000,0x00000000e5480000)
 ParOldGen       total 111616K, used 21453K [0x0000000085600000, 0x000000008c300000, 0x00000000d7200000)
  object space 111616K, 19% used [0x0000000085600000,0x0000000086af3618,0x000000008c300000)
 Metaspace       used 62492K, capacity 66250K, committed 66520K, reserved 1105920K
  class space    used 8706K, capacity 9348K, committed 9472K, reserved 1048576K
Event: 21.085 GC heap after
Heap after GC invocations=17 (full 3):
 PSYoungGen      total 198144K, used 9839K [0x00000000d7200000, 0x00000000e5000000, 0x0000000100000000)
  eden space 187904K, 0% used [0x00000000d7200000,0x00000000d7200000,0x00000000e2980000)
  from space 10240K, 96% used [0x00000000e4600000,0x00000000e4f9bd60,0x00000000e5000000)
  to   space 15360K, 0% used [0x00000000e3200000,0x00000000e3200000,0x00000000e4100000)
 ParOldGen       total 111616K, used 21461K [0x0000000085600000, 0x000000008c300000, 0x00000000d7200000)
  object space 111616K, 19% used [0x0000000085600000,0x0000000086af5618,0x000000008c300000)
 Metaspace       used 62492K, capacity 66250K, committed 66520K, reserved 1105920K
  class space    used 8706K, capacity 9348K, committed 9472K, reserved 1048576K
}
Event: 24.742 GC heap before
{Heap before GC invocations=18 (full 3):
 PSYoungGen      total 198144K, used 197743K [0x00000000d7200000, 0x00000000e5000000, 0x0000000100000000)
  eden space 187904K, 100% used [0x00000000d7200000,0x00000000e2980000,0x00000000e2980000)
  from space 10240K, 96% used [0x00000000e4600000,0x00000000e4f9bd60,0x00000000e5000000)
  to   space 15360K, 0% used [0x00000000e3200000,0x00000000e3200000,0x00000000e4100000)
 ParOldGen       total 111616K, used 21461K [0x0000000085600000, 0x000000008c300000, 0x00000000d7200000)
  object space 111616K, 19% used [0x0000000085600000,0x0000000086af5618,0x000000008c300000)
 Metaspace       used 67649K, capacity 72262K, committed 72536K, reserved 1112064K
  class space    used 9473K, capacity 10256K, committed 10368K, reserved 1048576K
Event: 24.767 GC heap after
Heap after GC invocations=18 (full 3):
 PSYoungGen      total 211968K, used 12658K [0x00000000d7200000, 0x00000000e7100000, 0x0000000100000000)
  eden space 196608K, 0% used [0x00000000d7200000,0x00000000d7200000,0x00000000e3200000)
  from space 15360K, 82% used [0x00000000e3200000,0x00000000e3e5c908,0x00000000e4100000)
  to   space 16384K, 0% used [0x00000000e6100000,0x00000000e6100000,0x00000000e7100000)
 ParOldGen       total 111616K, used 21469K [0x0000000085600000, 0x000000008c300000, 0x00000000d7200000)
  object space 111616K, 19% used [0x0000000085600000,0x0000000086af7618,0x000000008c300000)
 Metaspace       used 67649K, capacity 72262K, committed 72536K, reserved 1112064K
  class space    used 9473K, capacity 10256K, committed 10368K, reserved 1048576K
}

