-------------------------------------------------------------------------------
Test set: com.firstservice.userservice.api.UserControllerTest
-------------------------------------------------------------------------------
Tests run: 4, Failures: 1, Errors: 0, Skipped: 0, Time elapsed: 22.999 s <<< FAILURE! - in com.firstservice.userservice.api.UserControllerTest
shouldLogin  Time elapsed: 1.353 s  <<< FAILURE!
java.lang.AssertionError: Status expected:<200> but was:<401>
	at com.firstservice.userservice.api.UserControllerTest.shouldLogin(UserControllerTest.java:156)

