<?xml version="1.0" encoding="UTF-8"?>
<testsuite xmlns:xsi="http://www.w3.org/2001/XMLSchema-instance" xsi:noNamespaceSchemaLocation="https://maven.apache.org/surefire/maven-surefire-plugin/xsd/surefire-test-report.xsd" name="com.firstservice.userservice.api.UserControllerTest" time="22.999" tests="4" errors="0" skipped="0" failures="1">
  <properties>
[...]
</properties>
  <testcase name="shouldLogin" classname="com.firstservice.userservice.api.UserControllerTest" time="1.353">
    <failure message="Status expected:&lt;200&gt; but was:&lt;401&gt;" type="java.lang.AssertionError"><![CDATA[java.lang.AssertionError: Status expected:<200> but was:<401>
	at com.firstservice.userservice.api.UserControllerTest.shouldLogin(UserControllerTest.java:156)
]]></failure>
    <system-out><![CDATA[16:19:53.858 [main] DEBUG org.springframework.test.context.BootstrapUtils - Instantiating CacheAwareContextLoaderDelegate from class [org.springframework.test.context.cache.DefaultCacheAwareContextLoaderDelegate]
16:19:53.874 [main] DEBUG org.springframework.test.context.BootstrapUtils - Instantiating BootstrapContext using constructor [public org.springframework.test.context.support.DefaultBootstrapContext(java.lang.Class,org.springframework.test.context.CacheAwareContextLoaderDelegate)]
16:19:53.943 [main] DEBUG org.springframework.test.context.BootstrapUtils - Instantiating TestContextBootstrapper for test class [com.firstservice.userservice.api.UserControllerTest] from class [org.springframework.boot.test.context.SpringBootTestContextBootstrapper]
16:19:53.962 [main] INFO org.springframework.boot.test.context.SpringBootTestContextBootstrapper - Neither @ContextConfiguration nor @ContextHierarchy found for test class [com.firstservice.userservice.api.UserControllerTest], using SpringBootContextLoader
16:19:53.969 [main] DEBUG org.springframework.test.context.support.AbstractContextLoader - Did not detect default resource location for test class [com.firstservice.userservice.api.UserControllerTest]: class path resource [com/firstservice/userservice/api/UserControllerTest-context.xml] does not exist
16:19:53.970 [main] DEBUG org.springframework.test.context.support.AbstractContextLoader - Did not detect default resource location for test class [com.firstservice.userservice.api.UserControllerTest]: class path resource [com/firstservice/userservice/api/UserControllerTestContext.groovy] does not exist
16:19:53.970 [main] INFO org.springframework.test.context.support.AbstractContextLoader - Could not detect default resource locations for test class [com.firstservice.userservice.api.UserControllerTest]: no resource found for suffixes {-context.xml, Context.groovy}.
16:19:53.971 [main] INFO org.springframework.test.context.support.AnnotationConfigContextLoaderUtils - Could not detect default configuration classes for test class [com.firstservice.userservice.api.UserControllerTest]: UserControllerTest does not declare any static, non-private, non-final, nested classes annotated with @Configuration.
16:19:54.074 [main] DEBUG org.springframework.test.context.support.ActiveProfilesUtils - Could not find an 'annotation declaring class' for annotation type [org.springframework.test.context.ActiveProfiles] and class [com.firstservice.userservice.api.UserControllerTest]
16:19:54.312 [main] DEBUG org.springframework.context.annotation.ClassPathScanningCandidateComponentProvider - Identified candidate component class: file [C:\Users\rbensalah\Desktop\backend\userservice\userservice2\target\classes\com\firstservice\userservice\UserserviceApplication.class]
16:19:54.314 [main] INFO org.springframework.boot.test.context.SpringBootTestContextBootstrapper - Found @SpringBootConfiguration com.firstservice.userservice.UserserviceApplication for test class com.firstservice.userservice.api.UserControllerTest
16:19:54.583 [main] DEBUG org.springframework.boot.test.context.SpringBootTestContextBootstrapper - @TestExecutionListeners is not present for class [com.firstservice.userservice.api.UserControllerTest]: using defaults.
16:19:54.585 [main] INFO org.springframework.boot.test.context.SpringBootTestContextBootstrapper - Loaded default TestExecutionListener class names from location [META-INF/spring.factories]: [org.springframework.boot.test.mock.mockito.MockitoTestExecutionListener, org.springframework.boot.test.mock.mockito.ResetMocksTestExecutionListener, org.springframework.boot.test.autoconfigure.restdocs.RestDocsTestExecutionListener, org.springframework.boot.test.autoconfigure.web.client.MockRestServiceServerResetTestExecutionListener, org.springframework.boot.test.autoconfigure.web.servlet.MockMvcPrintOnlyOnFailureTestExecutionListener, org.springframework.boot.test.autoconfigure.web.servlet.WebDriverTestExecutionListener, org.springframework.boot.test.autoconfigure.webservices.client.MockWebServiceServerTestExecutionListener, org.springframework.test.context.web.ServletTestExecutionListener, org.springframework.test.context.support.DirtiesContextBeforeModesTestExecutionListener, org.springframework.test.context.event.ApplicationEventsTestExecutionListener, org.springframework.test.context.support.DependencyInjectionTestExecutionListener, org.springframework.test.context.support.DirtiesContextTestExecutionListener, org.springframework.test.context.transaction.TransactionalTestExecutionListener, org.springframework.test.context.jdbc.SqlScriptsTestExecutionListener, org.springframework.test.context.event.EventPublishingTestExecutionListener, org.springframework.security.test.context.support.WithSecurityContextTestExecutionListener, org.springframework.security.test.context.support.ReactorContextTestExecutionListener]
16:19:54.651 [main] INFO org.springframework.boot.test.context.SpringBootTestContextBootstrapper - Using TestExecutionListeners: [org.springframework.test.context.web.ServletTestExecutionListener@1a5b6f42, org.springframework.test.context.support.DirtiesContextBeforeModesTestExecutionListener@5038d0b5, org.springframework.test.context.event.ApplicationEventsTestExecutionListener@32115b28, org.springframework.boot.test.mock.mockito.MockitoTestExecutionListener@2ad48653, org.springframework.boot.test.autoconfigure.SpringBootDependencyInjectionTestExecutionListener@6bb4dd34, org.springframework.test.context.support.DirtiesContextTestExecutionListener@7d9f158f, org.springframework.test.context.transaction.TransactionalTestExecutionListener@45efd90f, org.springframework.test.context.jdbc.SqlScriptsTestExecutionListener@4b8729ff, org.springframework.test.context.event.EventPublishingTestExecutionListener@61710c6, org.springframework.security.test.context.support.WithSecurityContextTestExecutionListener@3214ee6, org.springframework.security.test.context.support.ReactorContextTestExecutionListener@383dc82c, org.springframework.boot.test.mock.mockito.ResetMocksTestExecutionListener@4a07d605, org.springframework.boot.test.autoconfigure.restdocs.RestDocsTestExecutionListener@74287ea3, org.springframework.boot.test.autoconfigure.web.client.MockRestServiceServerResetTestExecutionListener@7d7758be, org.springframework.boot.test.autoconfigure.web.servlet.MockMvcPrintOnlyOnFailureTestExecutionListener@2bdd8394, org.springframework.boot.test.autoconfigure.web.servlet.WebDriverTestExecutionListener@5f9edf14, org.springframework.boot.test.autoconfigure.webservices.client.MockWebServiceServerTestExecutionListener@68746f22]
16:19:54.661 [main] DEBUG org.springframework.test.context.support.AbstractDirtiesContextTestExecutionListener - Before test class: context [DefaultTestContext@4149c063 testClass = UserControllerTest, testInstance = [null], testMethod = [null], testException = [null], mergedContextConfiguration = [WebMergedContextConfiguration@9cb8225 testClass = UserControllerTest, locations = '{}', classes = '{class com.firstservice.userservice.UserserviceApplication}', contextInitializerClasses = '[]', activeProfiles = '{}', propertySourceLocations = '{}', propertySourceProperties = '{org.springframework.boot.test.context.SpringBootTestContextBootstrapper=true}', contextCustomizers = set[[ImportsContextCustomizer@76b07f29 key = [org.springframework.boot.test.autoconfigure.web.servlet.MockMvcAutoConfiguration, org.springframework.boot.test.autoconfigure.web.servlet.MockMvcWebClientAutoConfiguration, org.springframework.boot.test.autoconfigure.web.servlet.MockMvcWebDriverAutoConfiguration, org.springframework.boot.autoconfigure.security.oauth2.client.servlet.OAuth2ClientAutoConfiguration, org.springframework.boot.autoconfigure.security.oauth2.resource.servlet.OAuth2ResourceServerAutoConfiguration, org.springframework.boot.autoconfigure.security.servlet.SecurityAutoConfiguration, org.springframework.boot.autoconfigure.security.servlet.SecurityFilterAutoConfiguration, org.springframework.boot.autoconfigure.security.servlet.UserDetailsServiceAutoConfiguration, org.springframework.boot.test.autoconfigure.web.servlet.MockMvcSecurityConfiguration, org.springframework.boot.test.autoconfigure.web.reactive.WebTestClientAutoConfiguration]], org.springframework.boot.test.context.filter.ExcludeFilterContextCustomizer@4d1c00d0, org.springframework.boot.test.json.DuplicateJsonObjectContextCustomizerFactory$DuplicateJsonObjectContextCustomizer@302552ec, org.springframework.boot.test.mock.mockito.MockitoContextCustomizer@d0661522, org.springframework.boot.test.web.client.TestRestTemplateContextCustomizer@70325e14, org.springframework.boot.test.autoconfigure.actuate.metrics.MetricsExportContextCustomizerFactory$DisableMetricExportContextCustomizer@6f4a47c7, org.springframework.boot.test.autoconfigure.properties.PropertyMappingContextCustomizer@4b3fa0b3, org.springframework.boot.test.autoconfigure.web.servlet.WebDriverContextCustomizerFactory$Customizer@4e50c791, org.springframework.boot.test.context.SpringBootTestArgs@1, org.springframework.boot.test.context.SpringBootTestWebEnvironment@7cd62f43], resourceBasePath = 'src/main/webapp', contextLoader = 'org.springframework.boot.test.context.SpringBootContextLoader', parent = [null]], attributes = map['org.springframework.test.context.web.ServletTestExecutionListener.activateListener' -> true]], class annotated with @DirtiesContext [false] with mode [null].

  .   ____          _            __ _ _
 /\\ / ___'_ __ _ _(_)_ __  __ _ \ \ \ \
( ( )\___ | '_ | '_| | '_ \/ _` | \ \ \ \
 \\/  ___)| |_)| | | | | || (_| |  ) ) ) )
  '  |____| .__|_| |_|_| |_\__, | / / / /
 =========|_|==============|___/=/_/_/_/
 :: Spring Boot ::                (v2.7.7)

2023-05-16 16:19:55.575  INFO 15552 --- [           main] c.f.userservice.api.UserControllerTest   : Starting UserControllerTest using Java 1.8.0_202 on ITEM-S59209 with PID 15552 (started by rbensalah in C:\Users\rbensalah\Desktop\backend\userservice\userservice2)
2023-05-16 16:19:55.578  INFO 15552 --- [           main] c.f.userservice.api.UserControllerTest   : No active profile set, falling back to 1 default profile: "default"
2023-05-16 16:19:58.255  INFO 15552 --- [           main] .s.d.r.c.RepositoryConfigurationDelegate : Bootstrapping Spring Data JPA repositories in DEFAULT mode.
2023-05-16 16:19:58.611  INFO 15552 --- [           main] .s.d.r.c.RepositoryConfigurationDelegate : Finished Spring Data repository scanning in 325 ms. Found 5 JPA repository interfaces.
2023-05-16 16:20:01.865  INFO 15552 --- [           main] o.hibernate.jpa.internal.util.LogHelper  : HHH000204: Processing PersistenceUnitInfo [name: default]
2023-05-16 16:20:02.086  INFO 15552 --- [           main] org.hibernate.Version                    : HHH000412: Hibernate ORM core version 5.6.14.Final
2023-05-16 16:20:02.229  INFO 15552 --- [           main] o.hibernate.annotations.common.Version   : HCANN000001: Hibernate Commons Annotations {5.1.2.Final}
2023-05-16 16:20:02.918  INFO 15552 --- [           main] com.zaxxer.hikari.HikariDataSource       : HikariPool-1 - Starting...
2023-05-16 16:20:04.210  INFO 15552 --- [           main] com.zaxxer.hikari.HikariDataSource       : HikariPool-1 - Start completed.
2023-05-16 16:20:04.264  INFO 15552 --- [           main] org.hibernate.dialect.Dialect            : HHH000400: Using dialect: org.hibernate.dialect.MySQL5InnoDBDialect
2023-05-16 16:20:06.057  INFO 15552 --- [           main] o.h.e.t.j.p.i.JtaPlatformInitiator       : HHH000490: Using JtaPlatform implementation: [org.hibernate.engine.transaction.jta.platform.internal.NoJtaPlatform]
2023-05-16 16:20:06.074  INFO 15552 --- [           main] j.LocalContainerEntityManagerFactoryBean : Initialized JPA EntityManagerFactory for persistence unit 'default'
2023-05-16 16:20:09.195  WARN 15552 --- [           main] JpaBaseConfiguration$JpaWebConfiguration : spring.jpa.open-in-view is enabled by default. Therefore, database queries may be performed during view rendering. Explicitly configure spring.jpa.open-in-view to disable this warning
2023-05-16 16:20:10.891  INFO 15552 --- [           main] o.s.s.web.DefaultSecurityFilterChain     : Will secure any request with [org.springframework.security.web.session.DisableEncodeUrlFilter@796fe2b5, org.springframework.security.web.context.request.async.WebAsyncManagerIntegrationFilter@5a6af2c4, org.springframework.security.web.context.SecurityContextPersistenceFilter@4b511e61, org.springframework.security.web.header.HeaderWriterFilter@575d48db, org.springframework.web.filter.CorsFilter@123c48d0, org.springframework.security.web.authentication.logout.LogoutFilter@4ac0ed65, com.firstservice.userservice.security.jwt.AuthTokenFilter@cfb94fd, org.springframework.security.web.savedrequest.RequestCacheAwareFilter@6c6919ff, org.springframework.security.web.servletapi.SecurityContextHolderAwareRequestFilter@1e029a04, org.springframework.security.web.authentication.AnonymousAuthenticationFilter@14fff5e7, org.springframework.security.web.session.SessionManagementFilter@6a7aa675, org.springframework.security.web.access.ExceptionTranslationFilter@6be422da, org.springframework.security.web.access.intercept.FilterSecurityInterceptor@7b0525a8]
2023-05-16 16:20:13.812  INFO 15552 --- [           main] o.s.b.t.m.w.SpringBootMockServletContext : Initializing Spring TestDispatcherServlet ''
2023-05-16 16:20:13.812  INFO 15552 --- [           main] o.s.t.web.servlet.TestDispatcherServlet  : Initializing Servlet ''
2023-05-16 16:20:13.816  INFO 15552 --- [           main] o.s.t.web.servlet.TestDispatcherServlet  : Completed initialization in 4 ms
2023-05-16 16:20:13.889  INFO 15552 --- [           main] c.f.userservice.api.UserControllerTest   : Started UserControllerTest in 19.096 seconds (JVM running for 21.842)
Hibernate: select utilisateu0_.user_id as user_id1_5_, utilisateu0_.email as email2_5_, utilisateu0_.password as password3_5_, utilisateu0_.username as username4_5_ from utilisateur utilisateu0_ where utilisateu0_.username=?
Hibernate: select compte0_.compte_id as compte_i1_0_0_, compte0_.address as address2_0_0_, compte0_.city as city3_0_0_, compte0_.country as country4_0_0_, compte0_.created_date as created_5_0_0_, compte0_.date_de_naiss as date_de_6_0_0_, compte0_.modified_date as modified7_0_0_, compte0_.phone_number as phone_nu8_0_0_, compte0_.profession as professi9_0_0_, compte0_.compte_status as compte_10_0_0_, compte0_.user_user_id as user_us11_0_0_ from compte compte0_ where compte0_.user_user_id=?
Hibernate: select userimage0_.image_id as image_id1_4_0_, userimage0_.image_name as image_na2_4_0_, userimage0_.image_type as image_ty3_4_0_, userimage0_.user_user_id as user_use5_4_0_, userimage0_.user_image as user_ima4_4_0_ from user_image userimage0_ where userimage0_.user_user_id=?
Hibernate: select roles0_.user_id as user_id1_3_0_, roles0_.role_id as role_id2_3_0_, role1_.id as id1_2_1_, role1_.name as name2_2_1_ from user_roles roles0_ inner join role role1_ on roles0_.role_id=role1_.id where roles0_.user_id=?
2023-05-16 16:20:16.232 ERROR 15552 --- [           main] c.f.u.security.jwt.AuthEntryPointJwt     : Unauthorized error: Bad credentials

MockHttpServletRequest:
      HTTP Method = POST
      Request URI = /api/auth/signin
       Parameters = {}
          Headers = [Content-Type:"application/json;charset=UTF-8", Content-Length:"49"]
             Body = {"username":"testuser","password":"testpassword"}
    Session Attrs = {}

Handler:
             Type = com.firstservice.userservice.api.UserController
           Method = com.firstservice.userservice.api.UserController#authenticateUser(LoginRequest)

Async:
    Async started = false
     Async result = null

Resolved Exception:
             Type = null

ModelAndView:
        View name = null
             View = null
            Model = null

FlashMap:
       Attributes = null

MockHttpServletResponse:
           Status = 401
    Error message = Error: Unauthorized
          Headers = [Vary:"Origin", "Access-Control-Request-Method", "Access-Control-Request-Headers", X-Content-Type-Options:"nosniff", X-XSS-Protection:"1; mode=block", Cache-Control:"no-cache, no-store, max-age=0, must-revalidate", Pragma:"no-cache", Expires:"0", X-Frame-Options:"DENY"]
     Content type = null
             Body = 
    Forwarded URL = null
   Redirected URL = null
          Cookies = []
]]></system-out>
  </testcase>
  <testcase name="shouldCreateRole" classname="com.firstservice.userservice.api.UserControllerTest" time="0.084"/>
  <testcase name="testAuthenticateUser" classname="com.firstservice.userservice.api.UserControllerTest" time="0.061"/>
  <testcase name="shouldReturnListOfRoles" classname="com.firstservice.userservice.api.UserControllerTest" time="0.186"/>
</testsuite>